<?xml version="1.0" encoding="UTF-8"?>
<feedback>
 <message severity="verbose">Analysis started...</message>
 <nop/>
 <message severity="info">Collection started. To stop the collection, either press CTRL-C or enter from another console window: inspxe-cl -r /home/dvmuser4/C_ACC/bin/r002ti3 -command stop.</message>
 <nop/>
 <message severity="verbose">Result file: /home/dvmuser4/C_ACC/bin/r002ti3/r002ti3.inspxe </message>
 <nop/>
 <message severity="verbose">Found target process /home/dvmuser4/C_ACC/bin/bt.S.x (PID = 1149953). Analysis started... </message>
 <nop/>
 <message severity="verbose">Loaded module: /home/dvmuser4/C_ACC/bin/bt.S.x. </message>
 <nop/>
 <message severity="verbose">Loaded module: /lib64/ld-linux-x86-64.so.2. </message>
 <nop/>
 <message severity="verbose">Loaded module: [vdso]. </message>
 <nop/>
 <message severity="verbose">Loaded module: /lib/x86_64-linux-gnu/libm.so.6. </message>
 <nop/>
 <message severity="verbose">Loaded module: /opt/nvidia/hpc_sdk/Linux_x86_64/2023/compilers/lib/libacchost.so. </message>
 <nop/>
 <message severity="verbose">Loaded module: /opt/nvidia/hpc_sdk/Linux_x86_64/2023/compilers/lib/libcudadevice.so. </message>
 <nop/>
 <message severity="verbose">Loaded module: /opt/nvidia/hpc_sdk/Linux_x86_64/2023/compilers/lib/libnvomp.so. </message>
 <nop/>
 <message severity="verbose">Loaded module: /opt/nvidia/hpc_sdk/Linux_x86_64/2023/compilers/lib/libnvcpumath.so. </message>
 <nop/>
 <message severity="verbose">Loaded module: /opt/nvidia/hpc_sdk/Linux_x86_64/2023/compilers/lib/libnvc.so. </message>
 <nop/>
 <message severity="verbose">Loaded module: /lib/x86_64-linux-gnu/libc.so.6. </message>
 <nop/>
 <message severity="verbose">Loaded module: /lib/x86_64-linux-gnu/libgcc_s.so.1. </message>
 <nop/>
 <message severity="verbose">Loaded module: /lib/x86_64-linux-gnu/libdl.so.2. </message>
 <nop/>
 <message severity="verbose">Loaded module: /lib/x86_64-linux-gnu/libpthread.so.0. </message>
 <nop/>
 <message severity="warning">One or more threads in the application accessed the stack of another thread. This may indicate one or more bugs in your application. Setting the Inspector to detect data races on stack accesses and running another analysis may help you locate these and other bugs.</message>
 <nop/>
 <message severity="verbose">Unloaded module: /home/dvmuser4/C_ACC/bin/bt.S.x. </message>
 <nop/>
 <message severity="verbose">Unloaded module: /lib64/ld-linux-x86-64.so.2. </message>
 <nop/>
 <message severity="verbose">Unloaded module: [vdso]. </message>
 <nop/>
 <message severity="verbose">Unloaded module: /lib/x86_64-linux-gnu/libm.so.6. </message>
 <nop/>
 <message severity="verbose">Unloaded module: /opt/nvidia/hpc_sdk/Linux_x86_64/2023/compilers/lib/libacchost.so. </message>
 <nop/>
 <message severity="verbose">Unloaded module: /opt/nvidia/hpc_sdk/Linux_x86_64/2023/compilers/lib/libcudadevice.so. </message>
 <nop/>
 <message severity="verbose">Unloaded module: /opt/nvidia/hpc_sdk/Linux_x86_64/2023/compilers/lib/libnvomp.so. </message>
 <nop/>
 <message severity="verbose">Unloaded module: /opt/nvidia/hpc_sdk/Linux_x86_64/2023/compilers/lib/libnvcpumath.so. </message>
 <nop/>
 <message severity="verbose">Unloaded module: /opt/nvidia/hpc_sdk/Linux_x86_64/2023/compilers/lib/libnvc.so. </message>
 <nop/>
 <message severity="verbose">Unloaded module: /lib/x86_64-linux-gnu/libc.so.6. </message>
 <nop/>
 <message severity="verbose">Unloaded module: /lib/x86_64-linux-gnu/libgcc_s.so.1. </message>
 <nop/>
 <message severity="verbose">Unloaded module: /lib/x86_64-linux-gnu/libdl.so.2. </message>
 <nop/>
 <message severity="verbose">Unloaded module: /lib/x86_64-linux-gnu/libpthread.so.0. </message>
 <nop/>
 <message severity="verbose">Process /home/dvmuser4/C_ACC/bin/bt.S.x (PID = 1149953) has terminated. </message>
 <nop/>
 <message severity="verbose">Application exit code: 0 </message>
 <nop/>
 <message severity="verbose">Result file: /home/dvmuser4/C_ACC/bin/r002ti3/r002ti3.inspxe </message>
 <nop/>
 <message severity="verbose">Analysis completed</message>
 <nop/>
 <message severity="info">  </message>
 <nop/>
 <message severity="info">5 new problem(s) found </message>
 <nop/>
 <message severity="info">    5 Data race problem(s) detected </message>
 <nop/>
</feedback>
