<?xml version="1.0" encoding="utf-8"?>
<log version="1.0" tool="runtool">

<msg id="1" tool="runtool">
  <type>log-start</type>
  <arg>2023/04/05 17:03:29</arg>
</msg>
<msg id="2" tool="runtool">
  <type>collector-starts</type>
</msg>
<msg id="3" tool="runtool">
  <type>marker-file</type>
  <arg>/home/dvmuser4/C_ACC/bin/r002ti3/r002ti3.inspxe</arg>
</msg>
<msg id="4" tool="tc">
  <type>START</type>
  <severity>INFO</severity>
  <timestamp>Wed Apr  5 17:03:29 2023</timestamp>
</msg>
<msg id="5" tool="tc">
  <type>EXEC_OF_INTEREST</type>
  <arg>/home/dvmuser4/C_ACC/bin/bt.S.x</arg>
  <arg>1149953</arg>
  <severity>INFO</severity>
  <timestamp>Wed Apr  5 17:03:29 2023</timestamp>
</msg>
<msg id="6" tool="tc">
  <type>LOAD_MODULE</type>
  <arg>/home/dvmuser4/C_ACC/bin/bt.S.x</arg>
  <arg>0x400000</arg>
  <arg>0x46adc7</arg>
  <arg>2</arg>
  <severity>INFO</severity>
  <timestamp>Wed Apr  5 17:03:29 2023</timestamp>
</msg>
<msg id="7" tool="tc">
  <type>LOAD_MODULE</type>
  <arg>/lib64/ld-linux-x86-64.so.2</arg>
  <arg>0x7fb8c3d4e000</arg>
  <arg>0x7fb8c3d892d7</arg>
  <arg>3</arg>
  <severity>INFO</severity>
  <timestamp>Wed Apr  5 17:03:29 2023</timestamp>
</msg>
<msg id="8" tool="tc">
  <type>LOAD_MODULE</type>
  <arg>[vdso]</arg>
  <arg>0x7ffd0df32000</arg>
  <arg>0x7ffd0df32e6c</arg>
  <arg>4</arg>
  <severity>INFO</severity>
  <timestamp>Wed Apr  5 17:03:29 2023</timestamp>
</msg>
<msg id="9" tool="tc">
  <type>LOAD_MODULE</type>
  <arg>/lib/x86_64-linux-gnu/libm.so.6</arg>
  <arg>0x7fb8acb2b000</arg>
  <arg>0x7fb8acc11107</arg>
  <arg>5</arg>
  <severity>INFO</severity>
  <timestamp>Wed Apr  5 17:03:30 2023</timestamp>
</msg>
<msg id="10" tool="tc">
  <type>LOAD_MODULE</type>
  <arg>/opt/nvidia/hpc_sdk/Linux_x86_64/2023/compilers/lib/libacchost.so</arg>
  <arg>0x7fb8ac600000</arg>
  <arg>0x7fb8ac8616c7</arg>
  <arg>6</arg>
  <severity>INFO</severity>
  <timestamp>Wed Apr  5 17:03:30 2023</timestamp>
</msg>
<msg id="11" tool="tc">
  <type>LOAD_MODULE</type>
  <arg>/opt/nvidia/hpc_sdk/Linux_x86_64/2023/compilers/lib/libcudadevice.so</arg>
  <arg>0x7fb8ac200000</arg>
  <arg>0x7fb8ac416217</arg>
  <arg>7</arg>
  <severity>INFO</severity>
  <timestamp>Wed Apr  5 17:03:30 2023</timestamp>
</msg>
<msg id="12" tool="tc">
  <type>LOAD_MODULE</type>
  <arg>/opt/nvidia/hpc_sdk/Linux_x86_64/2023/compilers/lib/libnvomp.so</arg>
  <arg>0x7fb8ab400000</arg>
  <arg>0x7fb8ac0f1787</arg>
  <arg>8</arg>
  <severity>INFO</severity>
  <timestamp>Wed Apr  5 17:03:30 2023</timestamp>
</msg>
<msg id="13" tool="tc">
  <type>LOAD_MODULE</type>
  <arg>/opt/nvidia/hpc_sdk/Linux_x86_64/2023/compilers/lib/libnvcpumath.so</arg>
  <arg>0x7fb8aae00000</arg>
  <arg>0x7fb8ab21723f</arg>
  <arg>9</arg>
  <severity>INFO</severity>
  <timestamp>Wed Apr  5 17:03:30 2023</timestamp>
</msg>
<msg id="14" tool="tc">
  <type>LOAD_MODULE</type>
  <arg>/opt/nvidia/hpc_sdk/Linux_x86_64/2023/compilers/lib/libnvc.so</arg>
  <arg>0x7fb8aaa00000</arg>
  <arg>0x7fb8aac649df</arg>
  <arg>10</arg>
  <severity>INFO</severity>
  <timestamp>Wed Apr  5 17:03:30 2023</timestamp>
</msg>
<msg id="15" tool="tc">
  <type>LOAD_MODULE</type>
  <arg>/lib/x86_64-linux-gnu/libc.so.6</arg>
  <arg>0x7fb8aa600000</arg>
  <arg>0x7fb8aa827e4f</arg>
  <arg>11</arg>
  <severity>INFO</severity>
  <timestamp>Wed Apr  5 17:03:30 2023</timestamp>
</msg>
<msg id="16" tool="tc">
  <type>LOAD_MODULE</type>
  <arg>/lib/x86_64-linux-gnu/libgcc_s.so.1</arg>
  <arg>0x7fb8ac8ac000</arg>
  <arg>0x7fb8ac8cb2e7</arg>
  <arg>12</arg>
  <severity>INFO</severity>
  <timestamp>Wed Apr  5 17:03:30 2023</timestamp>
</msg>
<msg id="17" tool="tc">
  <type>LOAD_MODULE</type>
  <arg>/lib/x86_64-linux-gnu/libdl.so.2</arg>
  <arg>0x7fb8ac562000</arg>
  <arg>0x7fb8ac566027</arg>
  <arg>13</arg>
  <severity>INFO</severity>
  <timestamp>Wed Apr  5 17:03:30 2023</timestamp>
</msg>
<msg id="18" tool="tc">
  <type>LOAD_MODULE</type>
  <arg>/lib/x86_64-linux-gnu/libpthread.so.0</arg>
  <arg>0x7fb8ac54f000</arg>
  <arg>0x7fb8ac553027</arg>
  <arg>14</arg>
  <severity>INFO</severity>
  <timestamp>Wed Apr  5 17:03:30 2023</timestamp>
</msg>
<msg id="19" tool="tc">
  <type>CTSA_NO_STACK</type>
  <severity>WARNING</severity>
  <timestamp>Wed Apr  5 17:04:01 2023</timestamp>
</msg>
<msg id="20" tool="tc">
  <type>UNLOAD_MODULE</type>
  <arg>/home/dvmuser4/C_ACC/bin/bt.S.x</arg>
  <arg>2</arg>
  <severity>INFO</severity>
  <timestamp>Wed Apr  5 17:04:12 2023</timestamp>
</msg>
<msg id="21" tool="tc">
  <type>UNLOAD_MODULE</type>
  <arg>/lib64/ld-linux-x86-64.so.2</arg>
  <arg>3</arg>
  <severity>INFO</severity>
  <timestamp>Wed Apr  5 17:04:12 2023</timestamp>
</msg>
<msg id="22" tool="tc">
  <type>UNLOAD_MODULE</type>
  <arg>[vdso]</arg>
  <arg>4</arg>
  <severity>INFO</severity>
  <timestamp>Wed Apr  5 17:04:12 2023</timestamp>
</msg>
<msg id="23" tool="tc">
  <type>UNLOAD_MODULE</type>
  <arg>/lib/x86_64-linux-gnu/libm.so.6</arg>
  <arg>5</arg>
  <severity>INFO</severity>
  <timestamp>Wed Apr  5 17:04:12 2023</timestamp>
</msg>
<msg id="24" tool="tc">
  <type>UNLOAD_MODULE</type>
  <arg>/opt/nvidia/hpc_sdk/Linux_x86_64/2023/compilers/lib/libacchost.so</arg>
  <arg>6</arg>
  <severity>INFO</severity>
  <timestamp>Wed Apr  5 17:04:12 2023</timestamp>
</msg>
<msg id="25" tool="tc">
  <type>UNLOAD_MODULE</type>
  <arg>/opt/nvidia/hpc_sdk/Linux_x86_64/2023/compilers/lib/libcudadevice.so</arg>
  <arg>7</arg>
  <severity>INFO</severity>
  <timestamp>Wed Apr  5 17:04:12 2023</timestamp>
</msg>
<msg id="26" tool="tc">
  <type>UNLOAD_MODULE</type>
  <arg>/opt/nvidia/hpc_sdk/Linux_x86_64/2023/compilers/lib/libnvomp.so</arg>
  <arg>8</arg>
  <severity>INFO</severity>
  <timestamp>Wed Apr  5 17:04:12 2023</timestamp>
</msg>
<msg id="27" tool="tc">
  <type>UNLOAD_MODULE</type>
  <arg>/opt/nvidia/hpc_sdk/Linux_x86_64/2023/compilers/lib/libnvcpumath.so</arg>
  <arg>9</arg>
  <severity>INFO</severity>
  <timestamp>Wed Apr  5 17:04:12 2023</timestamp>
</msg>
<msg id="28" tool="tc">
  <type>UNLOAD_MODULE</type>
  <arg>/opt/nvidia/hpc_sdk/Linux_x86_64/2023/compilers/lib/libnvc.so</arg>
  <arg>10</arg>
  <severity>INFO</severity>
  <timestamp>Wed Apr  5 17:04:12 2023</timestamp>
</msg>
<msg id="29" tool="tc">
  <type>UNLOAD_MODULE</type>
  <arg>/lib/x86_64-linux-gnu/libc.so.6</arg>
  <arg>11</arg>
  <severity>INFO</severity>
  <timestamp>Wed Apr  5 17:04:12 2023</timestamp>
</msg>
<msg id="30" tool="tc">
  <type>UNLOAD_MODULE</type>
  <arg>/lib/x86_64-linux-gnu/libgcc_s.so.1</arg>
  <arg>12</arg>
  <severity>INFO</severity>
  <timestamp>Wed Apr  5 17:04:12 2023</timestamp>
</msg>
<msg id="31" tool="tc">
  <type>UNLOAD_MODULE</type>
  <arg>/lib/x86_64-linux-gnu/libdl.so.2</arg>
  <arg>13</arg>
  <severity>INFO</severity>
  <timestamp>Wed Apr  5 17:04:12 2023</timestamp>
</msg>
<msg id="32" tool="tc">
  <type>UNLOAD_MODULE</type>
  <arg>/lib/x86_64-linux-gnu/libpthread.so.0</arg>
  <arg>14</arg>
  <severity>INFO</severity>
  <timestamp>Wed Apr  5 17:04:12 2023</timestamp>
</msg>
<msg id="33" tool="tc">
  <type>PROCESS_TERMINATE</type>
  <arg>/home/dvmuser4/C_ACC/bin/bt.S.x</arg>
  <arg>1149953</arg>
  <severity>INFO</severity>
  <timestamp>Wed Apr  5 17:04:12 2023</timestamp>
</msg>
<msg id="34" tool="tc">
  <type>ANALYSIS_COMPLETE</type>
  <severity>INFO</severity>
  <timestamp>Wed Apr  5 17:04:12 2023</timestamp>
</msg>
<msg id="35" tool="tc">
  <type>STOP</type>
  <severity>INFO</severity>
  <timestamp>Wed Apr  5 17:04:12 2023</timestamp>
</msg>
<msg id="36" tool="runtool">
  <type>app-exit-code</type>
  <arg>0</arg>
</msg>
<msg id="37" tool="runtool">
  <type>marker-file</type>
  <arg>/home/dvmuser4/C_ACC/bin/r002ti3/r002ti3.inspxe</arg>
</msg>
<msg id="38" tool="runtool">
  <type>collector-done</type>
</msg>
<msg id="39" tool="runtool">
  <type>log-end</type>
  <arg>2023/04/05 17:04:16</arg>
</msg>

</log>

