<?xml version="1.0" encoding="utf-8" ?>
<!-- DO NOT EDIT THIS FILE -->

<log version='2.0' source='tcet'>
	<!-- Sampling enabled with the following: -->
	<!--     Budget                              5: -->
	<!--     Overdraft Budget                   75: -->
	<!--     Savings Budget                      2: -->
	<!-- Opened annotation file /opt/intel/oneapi/inspector/2023.0.0/lib64/../config/tc/qt.ant -->
	<!-- Opened annotation file /opt/intel/oneapi/inspector/2023.0.0/lib64/../config/tc/cpp11.ant -->
	<!-- Opened annotation file /opt/intel/oneapi/inspector/2023.0.0/lib64/../config/tc/cpp11_atomics.ant -->
	<!-- Opened annotation file /opt/intel/oneapi/inspector/2023.0.0/lib64/../config/tc/opencl.ant -->
	<!-- Opened annotation file /opt/intel/oneapi/inspector/2023.0.0/lib64/../config/tc/fortran.ant -->
	<!-- Opened annotation file /opt/intel/oneapi/inspector/2023.0.0/lib64/../config/tc/icl.ant -->
	<!-- Opened annotation file /opt/intel/oneapi/inspector/2023.0.0/lib64/../config/tc/allocators.ant -->
	<msg id='1' display='false' source='tccore'>
		<type>START</type>
		<severity>INFO</severity>
		<timestamp>Wed Apr  5 17:03:29 2023</timestamp>
	</msg>
	<!-- Successfully loaded CCRT 13.15.2 at address 0x7fb8c1625000 - 0x7fb8c162e000 -->
	<!-- Successfully loaded the TC Analysis Core 8.22.0 at address 0x7fb8bf09c000 - 0x7fb8bf0d5000 -->
	<!-- Successfully loaded the TC Instrumentation Engine 8.22.0 at address 0x7fb8c162e000 - 0x7fb8c18bb000 -->
	<!-- Environment: INTEL_LIBITTNOTIFY32=/opt/intel/oneapi/inspector/2023.0.0/lib32/runtime/libittnotify.so -->
	<!-- Environment: INTEL_LIBITTNOTIFY64=/opt/intel/oneapi/inspector/2023.0.0/lib64/runtime/libittnotify.so -->
	<!-- Environment: INTEL_JIT_PROFILER32=/opt/intel/oneapi/inspector/2023.0.0/lib32/libpinjitprofiling.so -->
	<!-- Environment: INTEL_JIT_PROFILER64=/opt/intel/oneapi/inspector/2023.0.0/lib64/libpinjitprofiling.so -->
	<!-- This is the instance of interest -->
	<msg id='2' source='tcet'>
		<type>EXEC_OF_INTEREST</type>
		<severity>INFO</severity>
		<timestamp>Wed Apr  5 17:03:29 2023</timestamp>
		<arg name='process'>/home/dvmuser4/C_ACC/bin/bt.S.x</arg>
		<arg name='pid'>1149953</arg>
	</msg>
	<msg id='3' source='tcet'>
		<type>LOAD_MODULE</type>
		<severity>INFO</severity>
		<timestamp>Wed Apr  5 17:03:29 2023</timestamp>
		<arg name='module'>/home/dvmuser4/C_ACC/bin/bt.S.x</arg>
		<arg name='basement'>0x400000</arg>
		<arg name='ceiling'>0x46adc7</arg>
		<arg name='id'>2</arg>
	</msg>
	<msg id='4' source='tcet'>
		<type>LOAD_MODULE</type>
		<severity>INFO</severity>
		<timestamp>Wed Apr  5 17:03:29 2023</timestamp>
		<arg name='module'>/lib64/ld-linux-x86-64.so.2</arg>
		<arg name='basement'>0x7fb8c3d4e000</arg>
		<arg name='ceiling'>0x7fb8c3d892d7</arg>
		<arg name='id'>3</arg>
	</msg>
	<msg id='5' source='tcet'>
		<type>LOAD_MODULE</type>
		<severity>INFO</severity>
		<timestamp>Wed Apr  5 17:03:29 2023</timestamp>
		<arg name='module'>[vdso]</arg>
		<arg name='basement'>0x7ffd0df32000</arg>
		<arg name='ceiling'>0x7ffd0df32e6c</arg>
		<arg name='id'>4</arg>
	</msg>
	<msg id='6' source='tcet'>
		<type>LOAD_MODULE</type>
		<severity>INFO</severity>
		<timestamp>Wed Apr  5 17:03:30 2023</timestamp>
		<arg name='module'>/lib/x86_64-linux-gnu/libm.so.6</arg>
		<arg name='basement'>0x7fb8acb2b000</arg>
		<arg name='ceiling'>0x7fb8acc11107</arg>
		<arg name='id'>5</arg>
	</msg>
	<msg id='7' source='tcet'>
		<type>LOAD_MODULE</type>
		<severity>INFO</severity>
		<timestamp>Wed Apr  5 17:03:30 2023</timestamp>
		<arg name='module'>/opt/nvidia/hpc_sdk/Linux_x86_64/2023/compilers/lib/libacchost.so</arg>
		<arg name='basement'>0x7fb8ac600000</arg>
		<arg name='ceiling'>0x7fb8ac8616c7</arg>
		<arg name='id'>6</arg>
	</msg>
	<msg id='8' source='tcet'>
		<type>LOAD_MODULE</type>
		<severity>INFO</severity>
		<timestamp>Wed Apr  5 17:03:30 2023</timestamp>
		<arg name='module'>/opt/nvidia/hpc_sdk/Linux_x86_64/2023/compilers/lib/libcudadevice.so</arg>
		<arg name='basement'>0x7fb8ac200000</arg>
		<arg name='ceiling'>0x7fb8ac416217</arg>
		<arg name='id'>7</arg>
	</msg>
	<msg id='9' source='tcet'>
		<type>LOAD_MODULE</type>
		<severity>INFO</severity>
		<timestamp>Wed Apr  5 17:03:30 2023</timestamp>
		<arg name='module'>/opt/nvidia/hpc_sdk/Linux_x86_64/2023/compilers/lib/libnvomp.so</arg>
		<arg name='basement'>0x7fb8ab400000</arg>
		<arg name='ceiling'>0x7fb8ac0f1787</arg>
		<arg name='id'>8</arg>
	</msg>
	<msg id='10' source='tcet'>
		<type>LOAD_MODULE</type>
		<severity>INFO</severity>
		<timestamp>Wed Apr  5 17:03:30 2023</timestamp>
		<arg name='module'>/opt/nvidia/hpc_sdk/Linux_x86_64/2023/compilers/lib/libnvcpumath.so</arg>
		<arg name='basement'>0x7fb8aae00000</arg>
		<arg name='ceiling'>0x7fb8ab21723f</arg>
		<arg name='id'>9</arg>
	</msg>
	<msg id='11' source='tcet'>
		<type>LOAD_MODULE</type>
		<severity>INFO</severity>
		<timestamp>Wed Apr  5 17:03:30 2023</timestamp>
		<arg name='module'>/opt/nvidia/hpc_sdk/Linux_x86_64/2023/compilers/lib/libnvc.so</arg>
		<arg name='basement'>0x7fb8aaa00000</arg>
		<arg name='ceiling'>0x7fb8aac649df</arg>
		<arg name='id'>10</arg>
	</msg>
	<msg id='12' source='tcet'>
		<type>LOAD_MODULE</type>
		<severity>INFO</severity>
		<timestamp>Wed Apr  5 17:03:30 2023</timestamp>
		<arg name='module'>/lib/x86_64-linux-gnu/libc.so.6</arg>
		<arg name='basement'>0x7fb8aa600000</arg>
		<arg name='ceiling'>0x7fb8aa827e4f</arg>
		<arg name='id'>11</arg>
	</msg>
	<msg id='13' source='tcet'>
		<type>LOAD_MODULE</type>
		<severity>INFO</severity>
		<timestamp>Wed Apr  5 17:03:30 2023</timestamp>
		<arg name='module'>/lib/x86_64-linux-gnu/libgcc_s.so.1</arg>
		<arg name='basement'>0x7fb8ac8ac000</arg>
		<arg name='ceiling'>0x7fb8ac8cb2e7</arg>
		<arg name='id'>12</arg>
	</msg>
	<msg id='14' source='tcet'>
		<type>LOAD_MODULE</type>
		<severity>INFO</severity>
		<timestamp>Wed Apr  5 17:03:30 2023</timestamp>
		<arg name='module'>/lib/x86_64-linux-gnu/libdl.so.2</arg>
		<arg name='basement'>0x7fb8ac562000</arg>
		<arg name='ceiling'>0x7fb8ac566027</arg>
		<arg name='id'>13</arg>
	</msg>
	<msg id='15' source='tcet'>
		<type>LOAD_MODULE</type>
		<severity>INFO</severity>
		<timestamp>Wed Apr  5 17:03:30 2023</timestamp>
		<arg name='module'>/lib/x86_64-linux-gnu/libpthread.so.0</arg>
		<arg name='basement'>0x7fb8ac54f000</arg>
		<arg name='ceiling'>0x7fb8ac553027</arg>
		<arg name='id'>14</arg>
	</msg>
	<msg id='16' source='tccore'>
		<type>CTSA_NO_STACK</type>
		<severity>WARNING</severity>
		<timestamp>Wed Apr  5 17:04:01 2023</timestamp>
	</msg>
	<msg id='17' source='tcet'>
		<type>UNLOAD_MODULE</type>
		<severity>INFO</severity>
		<timestamp>Wed Apr  5 17:04:12 2023</timestamp>
		<arg name='module'>/home/dvmuser4/C_ACC/bin/bt.S.x</arg>
		<arg name='id'>2</arg>
	</msg>
	<msg id='18' source='tcet'>
		<type>UNLOAD_MODULE</type>
		<severity>INFO</severity>
		<timestamp>Wed Apr  5 17:04:12 2023</timestamp>
		<arg name='module'>/lib64/ld-linux-x86-64.so.2</arg>
		<arg name='id'>3</arg>
	</msg>
	<msg id='19' source='tcet'>
		<type>UNLOAD_MODULE</type>
		<severity>INFO</severity>
		<timestamp>Wed Apr  5 17:04:12 2023</timestamp>
		<arg name='module'>[vdso]</arg>
		<arg name='id'>4</arg>
	</msg>
	<msg id='20' source='tcet'>
		<type>UNLOAD_MODULE</type>
		<severity>INFO</severity>
		<timestamp>Wed Apr  5 17:04:12 2023</timestamp>
		<arg name='module'>/lib/x86_64-linux-gnu/libm.so.6</arg>
		<arg name='id'>5</arg>
	</msg>
	<msg id='21' source='tcet'>
		<type>UNLOAD_MODULE</type>
		<severity>INFO</severity>
		<timestamp>Wed Apr  5 17:04:12 2023</timestamp>
		<arg name='module'>/opt/nvidia/hpc_sdk/Linux_x86_64/2023/compilers/lib/libacchost.so</arg>
		<arg name='id'>6</arg>
	</msg>
	<msg id='22' source='tcet'>
		<type>UNLOAD_MODULE</type>
		<severity>INFO</severity>
		<timestamp>Wed Apr  5 17:04:12 2023</timestamp>
		<arg name='module'>/opt/nvidia/hpc_sdk/Linux_x86_64/2023/compilers/lib/libcudadevice.so</arg>
		<arg name='id'>7</arg>
	</msg>
	<msg id='23' source='tcet'>
		<type>UNLOAD_MODULE</type>
		<severity>INFO</severity>
		<timestamp>Wed Apr  5 17:04:12 2023</timestamp>
		<arg name='module'>/opt/nvidia/hpc_sdk/Linux_x86_64/2023/compilers/lib/libnvomp.so</arg>
		<arg name='id'>8</arg>
	</msg>
	<msg id='24' source='tcet'>
		<type>UNLOAD_MODULE</type>
		<severity>INFO</severity>
		<timestamp>Wed Apr  5 17:04:12 2023</timestamp>
		<arg name='module'>/opt/nvidia/hpc_sdk/Linux_x86_64/2023/compilers/lib/libnvcpumath.so</arg>
		<arg name='id'>9</arg>
	</msg>
	<msg id='25' source='tcet'>
		<type>UNLOAD_MODULE</type>
		<severity>INFO</severity>
		<timestamp>Wed Apr  5 17:04:12 2023</timestamp>
		<arg name='module'>/opt/nvidia/hpc_sdk/Linux_x86_64/2023/compilers/lib/libnvc.so</arg>
		<arg name='id'>10</arg>
	</msg>
	<msg id='26' source='tcet'>
		<type>UNLOAD_MODULE</type>
		<severity>INFO</severity>
		<timestamp>Wed Apr  5 17:04:12 2023</timestamp>
		<arg name='module'>/lib/x86_64-linux-gnu/libc.so.6</arg>
		<arg name='id'>11</arg>
	</msg>
	<msg id='27' source='tcet'>
		<type>UNLOAD_MODULE</type>
		<severity>INFO</severity>
		<timestamp>Wed Apr  5 17:04:12 2023</timestamp>
		<arg name='module'>/lib/x86_64-linux-gnu/libgcc_s.so.1</arg>
		<arg name='id'>12</arg>
	</msg>
	<msg id='28' source='tcet'>
		<type>UNLOAD_MODULE</type>
		<severity>INFO</severity>
		<timestamp>Wed Apr  5 17:04:12 2023</timestamp>
		<arg name='module'>/lib/x86_64-linux-gnu/libdl.so.2</arg>
		<arg name='id'>13</arg>
	</msg>
	<msg id='29' source='tcet'>
		<type>UNLOAD_MODULE</type>
		<severity>INFO</severity>
		<timestamp>Wed Apr  5 17:04:12 2023</timestamp>
		<arg name='module'>/lib/x86_64-linux-gnu/libpthread.so.0</arg>
		<arg name='id'>14</arg>
	</msg>
	<msg id='30' source='tcet'>
		<type>PROCESS_TERMINATE</type>
		<severity>INFO</severity>
		<timestamp>Wed Apr  5 17:04:12 2023</timestamp>
		<arg name='process'>/home/dvmuser4/C_ACC/bin/bt.S.x</arg>
		<arg name='pid'>1149953</arg>
	</msg>
	<msg id='31' display='false' source='tccore'>
		<type>ANALYSIS_COMPLETE</type>
		<severity>INFO</severity>
		<timestamp>Wed Apr  5 17:04:12 2023</timestamp>
	</msg>
	<msg id='32' display='false' source='tccore'>
		<type>STOP</type>
		<severity>INFO</severity>
		<timestamp>Wed Apr  5 17:04:12 2023</timestamp>
	</msg>
</log>