<?xml version="1.0" encoding="utf-8"?>
<log version="1.0" tool="runtool">

<msg id="1" tool="runtool">
  <type>log-start</type>
  <arg>2023/04/05 17:03:29</arg>
</msg>
<msg id="2" tool="runtool">
  <type>status</type>
  <arg> </arg>
</msg>
<msg id="3" tool="runtool">
  <type>problems-total</type>
  <arg>5</arg>
</msg>
<msg id="4" tool="runtool">
  <type>problems-type</type>
  <arg>    5 Data race</arg>
</msg>
<msg id="5" tool="runtool">
  <type>log-end</type>
  <arg>2023/04/05 17:04:33</arg>
</msg>

</log>

<?xml version="1.0" encoding="utf-8"?>
<log version="1.0" tool="runtool">

<msg id="1" tool="runtool">
  <type>log-start</type>
  <arg>2023/04/05 17:04:50</arg>
</msg>
<?xml version="1.0" encoding="utf-8"?>
<log version="1.0" tool="runtool">

<msg id="1" tool="runtool">
  <type>log-start</type>
  <arg>2023/04/05 17:05:18</arg>
</msg>
<msg id="2" tool="runtool">
  <type>log-end</type>
  <arg>2023/04/05 17:05:34</arg>
</msg>

</log>

