<?xml version="1.0" encoding="utf-8"?>
<log version="1.0" tool="runtool">

<msg id="1" tool="runtool">
  <type>log-start</type>
  <arg>2023/04/05 16:53:32</arg>
</msg>
<msg id="2" tool="runtool">
  <type>collector-starts</type>
</msg>
<msg id="3" tool="runtool">
  <type>marker-file</type>
  <arg>/home/dvmuser4/C_ACC/bin/r001ti3/r001ti3.inspxe</arg>
</msg>
<msg id="4" tool="tc">
  <type>START</type>
  <severity>INFO</severity>
  <timestamp>Wed Apr  5 16:53:32 2023</timestamp>
</msg>
<msg id="5" tool="tc">
  <type>EXEC_OF_INTEREST</type>
  <arg>/home/dvmuser4/C_ACC/bin/bt.S.x</arg>
  <arg>1149185</arg>
  <severity>INFO</severity>
  <timestamp>Wed Apr  5 16:53:32 2023</timestamp>
</msg>
<msg id="6" tool="tc">
  <type>LOAD_MODULE</type>
  <arg>/home/dvmuser4/C_ACC/bin/bt.S.x</arg>
  <arg>0x400000</arg>
  <arg>0x46adc7</arg>
  <arg>2</arg>
  <severity>INFO</severity>
  <timestamp>Wed Apr  5 16:53:32 2023</timestamp>
</msg>
<msg id="7" tool="tc">
  <type>LOAD_MODULE</type>
  <arg>/lib64/ld-linux-x86-64.so.2</arg>
  <arg>0x7fd02997e000</arg>
  <arg>0x7fd0299b92d7</arg>
  <arg>3</arg>
  <severity>INFO</severity>
  <timestamp>Wed Apr  5 16:53:32 2023</timestamp>
</msg>
<msg id="8" tool="tc">
  <type>LOAD_MODULE</type>
  <arg>[vdso]</arg>
  <arg>0x7ffc78e79000</arg>
  <arg>0x7ffc78e79e6c</arg>
  <arg>4</arg>
  <severity>INFO</severity>
  <timestamp>Wed Apr  5 16:53:32 2023</timestamp>
</msg>
<msg id="9" tool="tc">
  <type>LOAD_MODULE</type>
  <arg>/lib/x86_64-linux-gnu/libm.so.6</arg>
  <arg>0x7fd012755000</arg>
  <arg>0x7fd01283b107</arg>
  <arg>5</arg>
  <severity>INFO</severity>
  <timestamp>Wed Apr  5 16:53:33 2023</timestamp>
</msg>
<msg id="10" tool="tc">
  <type>LOAD_MODULE</type>
  <arg>/opt/nvidia/hpc_sdk/Linux_x86_64/2023/compilers/lib/libacchost.so</arg>
  <arg>0x7fd012200000</arg>
  <arg>0x7fd0124616c7</arg>
  <arg>6</arg>
  <severity>INFO</severity>
  <timestamp>Wed Apr  5 16:53:33 2023</timestamp>
</msg>
<msg id="11" tool="tc">
  <type>LOAD_MODULE</type>
  <arg>/opt/nvidia/hpc_sdk/Linux_x86_64/2023/compilers/lib/libcudadevice.so</arg>
  <arg>0x7fd011e00000</arg>
  <arg>0x7fd012016217</arg>
  <arg>7</arg>
  <severity>INFO</severity>
  <timestamp>Wed Apr  5 16:53:33 2023</timestamp>
</msg>
<msg id="12" tool="tc">
  <type>LOAD_MODULE</type>
  <arg>/opt/nvidia/hpc_sdk/Linux_x86_64/2023/compilers/lib/libnvomp.so</arg>
  <arg>0x7fd011000000</arg>
  <arg>0x7fd011cf1787</arg>
  <arg>8</arg>
  <severity>INFO</severity>
  <timestamp>Wed Apr  5 16:53:33 2023</timestamp>
</msg>
<msg id="13" tool="tc">
  <type>LOAD_MODULE</type>
  <arg>/opt/nvidia/hpc_sdk/Linux_x86_64/2023/compilers/lib/libnvcpumath.so</arg>
  <arg>0x7fd010a00000</arg>
  <arg>0x7fd010e1723f</arg>
  <arg>9</arg>
  <severity>INFO</severity>
  <timestamp>Wed Apr  5 16:53:33 2023</timestamp>
</msg>
<msg id="14" tool="tc">
  <type>LOAD_MODULE</type>
  <arg>/opt/nvidia/hpc_sdk/Linux_x86_64/2023/compilers/lib/libnvc.so</arg>
  <arg>0x7fd010600000</arg>
  <arg>0x7fd0108649df</arg>
  <arg>10</arg>
  <severity>INFO</severity>
  <timestamp>Wed Apr  5 16:53:33 2023</timestamp>
</msg>
<msg id="15" tool="tc">
  <type>LOAD_MODULE</type>
  <arg>/lib/x86_64-linux-gnu/libc.so.6</arg>
  <arg>0x7fd010200000</arg>
  <arg>0x7fd010427e4f</arg>
  <arg>11</arg>
  <severity>INFO</severity>
  <timestamp>Wed Apr  5 16:53:33 2023</timestamp>
</msg>
<msg id="16" tool="tc">
  <type>LOAD_MODULE</type>
  <arg>/lib/x86_64-linux-gnu/libgcc_s.so.1</arg>
  <arg>0x7fd0124d3000</arg>
  <arg>0x7fd0124f22e7</arg>
  <arg>12</arg>
  <severity>INFO</severity>
  <timestamp>Wed Apr  5 16:53:33 2023</timestamp>
</msg>
<msg id="17" tool="tc">
  <type>LOAD_MODULE</type>
  <arg>/lib/x86_64-linux-gnu/libdl.so.2</arg>
  <arg>0x7fd01218e000</arg>
  <arg>0x7fd012192027</arg>
  <arg>13</arg>
  <severity>INFO</severity>
  <timestamp>Wed Apr  5 16:53:33 2023</timestamp>
</msg>
<msg id="18" tool="tc">
  <type>LOAD_MODULE</type>
  <arg>/lib/x86_64-linux-gnu/libpthread.so.0</arg>
  <arg>0x7fd012187000</arg>
  <arg>0x7fd01218b027</arg>
  <arg>14</arg>
  <severity>INFO</severity>
  <timestamp>Wed Apr  5 16:53:33 2023</timestamp>
</msg>
<msg id="19" tool="tc">
  <type>FATAL_SIGNAL</type>
  <severity>WARNING</severity>
  <timestamp>Wed Apr  5 17:03:41 2023</timestamp>
</msg>
<msg id="20" tool="tc">
  <type>UNLOAD_MODULE</type>
  <arg>/home/dvmuser4/C_ACC/bin/bt.S.x</arg>
  <arg>2</arg>
  <severity>INFO</severity>
  <timestamp>Wed Apr  5 17:03:41 2023</timestamp>
</msg>
<msg id="21" tool="tc">
  <type>UNLOAD_MODULE</type>
  <arg>/lib64/ld-linux-x86-64.so.2</arg>
  <arg>3</arg>
  <severity>INFO</severity>
  <timestamp>Wed Apr  5 17:03:41 2023</timestamp>
</msg>
<msg id="22" tool="tc">
  <type>UNLOAD_MODULE</type>
  <arg>[vdso]</arg>
  <arg>4</arg>
  <severity>INFO</severity>
  <timestamp>Wed Apr  5 17:03:41 2023</timestamp>
</msg>
<msg id="23" tool="tc">
  <type>UNLOAD_MODULE</type>
  <arg>/lib/x86_64-linux-gnu/libm.so.6</arg>
  <arg>5</arg>
  <severity>INFO</severity>
  <timestamp>Wed Apr  5 17:03:41 2023</timestamp>
</msg>
<msg id="24" tool="tc">
  <type>UNLOAD_MODULE</type>
  <arg>/opt/nvidia/hpc_sdk/Linux_x86_64/2023/compilers/lib/libacchost.so</arg>
  <arg>6</arg>
  <severity>INFO</severity>
  <timestamp>Wed Apr  5 17:03:41 2023</timestamp>
</msg>
<msg id="25" tool="tc">
  <type>UNLOAD_MODULE</type>
  <arg>/opt/nvidia/hpc_sdk/Linux_x86_64/2023/compilers/lib/libcudadevice.so</arg>
  <arg>7</arg>
  <severity>INFO</severity>
  <timestamp>Wed Apr  5 17:03:41 2023</timestamp>
</msg>
<msg id="26" tool="tc">
  <type>UNLOAD_MODULE</type>
  <arg>/opt/nvidia/hpc_sdk/Linux_x86_64/2023/compilers/lib/libnvomp.so</arg>
  <arg>8</arg>
  <severity>INFO</severity>
  <timestamp>Wed Apr  5 17:03:41 2023</timestamp>
</msg>
<msg id="27" tool="tc">
  <type>UNLOAD_MODULE</type>
  <arg>/opt/nvidia/hpc_sdk/Linux_x86_64/2023/compilers/lib/libnvcpumath.so</arg>
  <arg>9</arg>
  <severity>INFO</severity>
  <timestamp>Wed Apr  5 17:03:41 2023</timestamp>
</msg>
<msg id="28" tool="tc">
  <type>UNLOAD_MODULE</type>
  <arg>/opt/nvidia/hpc_sdk/Linux_x86_64/2023/compilers/lib/libnvc.so</arg>
  <arg>10</arg>
  <severity>INFO</severity>
  <timestamp>Wed Apr  5 17:03:41 2023</timestamp>
</msg>
<msg id="29" tool="tc">
  <type>UNLOAD_MODULE</type>
  <arg>/lib/x86_64-linux-gnu/libc.so.6</arg>
  <arg>11</arg>
  <severity>INFO</severity>
  <timestamp>Wed Apr  5 17:03:41 2023</timestamp>
</msg>
<msg id="30" tool="tc">
  <type>UNLOAD_MODULE</type>
  <arg>/lib/x86_64-linux-gnu/libgcc_s.so.1</arg>
  <arg>12</arg>
  <severity>INFO</severity>
  <timestamp>Wed Apr  5 17:03:41 2023</timestamp>
</msg>
<msg id="31" tool="tc">
  <type>UNLOAD_MODULE</type>
  <arg>/lib/x86_64-linux-gnu/libdl.so.2</arg>
  <arg>13</arg>
  <severity>INFO</severity>
  <timestamp>Wed Apr  5 17:03:41 2023</timestamp>
</msg>
<msg id="32" tool="tc">
  <type>UNLOAD_MODULE</type>
  <arg>/lib/x86_64-linux-gnu/libpthread.so.0</arg>
  <arg>14</arg>
  <severity>INFO</severity>
  <timestamp>Wed Apr  5 17:03:41 2023</timestamp>
</msg>
<msg id="33" tool="tc">
  <type>PROCESS_TERMINATE</type>
  <arg>/home/dvmuser4/C_ACC/bin/bt.S.x</arg>
  <arg>1149185</arg>
  <severity>INFO</severity>
  <timestamp>Wed Apr  5 17:03:41 2023</timestamp>
</msg>
<msg id="34" tool="tc">
  <type>ANALYSIS_COMPLETE</type>
  <severity>INFO</severity>
  <timestamp>Wed Apr  5 17:03:41 2023</timestamp>
</msg>
<msg id="35" tool="tc">
  <type>STOP</type>
  <severity>INFO</severity>
  <timestamp>Wed Apr  5 17:03:41 2023</timestamp>
</msg>
<msg id="36" tool="runtool">
  <type>app-exit-code</type>
  <arg>130</arg>
</msg>
<msg id="37" tool="runtool">
  <type>marker-file</type>
  <arg>/home/dvmuser4/C_ACC/bin/r001ti3/r001ti3.inspxe</arg>
</msg>
<msg id="38" tool="runtool">
  <type>collector-done</type>
</msg>
<msg id="39" tool="runtool">
  <type>log-end</type>
  <arg>2023/04/05 17:03:45</arg>
</msg>

</log>

