<?xml version="1.0" encoding="utf-8" ?>
<!-- DO NOT EDIT THIS FILE -->

<log version='2.0' source='tcet'>
	<!-- Sampling enabled with the following: -->
	<!--     Budget                              5: -->
	<!--     Overdraft Budget                   75: -->
	<!--     Savings Budget                      2: -->
	<!-- Opened annotation file /opt/intel/oneapi/inspector/2023.0.0/lib64/../config/tc/qt.ant -->
	<!-- Opened annotation file /opt/intel/oneapi/inspector/2023.0.0/lib64/../config/tc/cpp11.ant -->
	<!-- Opened annotation file /opt/intel/oneapi/inspector/2023.0.0/lib64/../config/tc/cpp11_atomics.ant -->
	<!-- Opened annotation file /opt/intel/oneapi/inspector/2023.0.0/lib64/../config/tc/opencl.ant -->
	<!-- Opened annotation file /opt/intel/oneapi/inspector/2023.0.0/lib64/../config/tc/fortran.ant -->
	<!-- Opened annotation file /opt/intel/oneapi/inspector/2023.0.0/lib64/../config/tc/icl.ant -->
	<!-- Opened annotation file /opt/intel/oneapi/inspector/2023.0.0/lib64/../config/tc/allocators.ant -->
	<msg id='1' display='false' source='tccore'>
		<type>START</type>
		<severity>INFO</severity>
		<timestamp>Wed Apr  5 16:53:32 2023</timestamp>
	</msg>
	<!-- Successfully loaded CCRT 13.15.2 at address 0x7fd027255000 - 0x7fd02725e000 -->
	<!-- Successfully loaded the TC Analysis Core 8.22.0 at address 0x7fd024ccc000 - 0x7fd024d05000 -->
	<!-- Successfully loaded the TC Instrumentation Engine 8.22.0 at address 0x7fd02725e000 - 0x7fd0274eb000 -->
	<!-- Environment: INTEL_LIBITTNOTIFY32=/opt/intel/oneapi/inspector/2023.0.0/lib32/runtime/libittnotify.so -->
	<!-- Environment: INTEL_LIBITTNOTIFY64=/opt/intel/oneapi/inspector/2023.0.0/lib64/runtime/libittnotify.so -->
	<!-- Environment: INTEL_JIT_PROFILER32=/opt/intel/oneapi/inspector/2023.0.0/lib32/libpinjitprofiling.so -->
	<!-- Environment: INTEL_JIT_PROFILER64=/opt/intel/oneapi/inspector/2023.0.0/lib64/libpinjitprofiling.so -->
	<!-- This is the instance of interest -->
	<msg id='2' source='tcet'>
		<type>EXEC_OF_INTEREST</type>
		<severity>INFO</severity>
		<timestamp>Wed Apr  5 16:53:32 2023</timestamp>
		<arg name='process'>/home/dvmuser4/C_ACC/bin/bt.S.x</arg>
		<arg name='pid'>1149185</arg>
	</msg>
	<msg id='3' source='tcet'>
		<type>LOAD_MODULE</type>
		<severity>INFO</severity>
		<timestamp>Wed Apr  5 16:53:32 2023</timestamp>
		<arg name='module'>/home/dvmuser4/C_ACC/bin/bt.S.x</arg>
		<arg name='basement'>0x400000</arg>
		<arg name='ceiling'>0x46adc7</arg>
		<arg name='id'>2</arg>
	</msg>
	<msg id='4' source='tcet'>
		<type>LOAD_MODULE</type>
		<severity>INFO</severity>
		<timestamp>Wed Apr  5 16:53:32 2023</timestamp>
		<arg name='module'>/lib64/ld-linux-x86-64.so.2</arg>
		<arg name='basement'>0x7fd02997e000</arg>
		<arg name='ceiling'>0x7fd0299b92d7</arg>
		<arg name='id'>3</arg>
	</msg>
	<msg id='5' source='tcet'>
		<type>LOAD_MODULE</type>
		<severity>INFO</severity>
		<timestamp>Wed Apr  5 16:53:32 2023</timestamp>
		<arg name='module'>[vdso]</arg>
		<arg name='basement'>0x7ffc78e79000</arg>
		<arg name='ceiling'>0x7ffc78e79e6c</arg>
		<arg name='id'>4</arg>
	</msg>
	<msg id='6' source='tcet'>
		<type>LOAD_MODULE</type>
		<severity>INFO</severity>
		<timestamp>Wed Apr  5 16:53:33 2023</timestamp>
		<arg name='module'>/lib/x86_64-linux-gnu/libm.so.6</arg>
		<arg name='basement'>0x7fd012755000</arg>
		<arg name='ceiling'>0x7fd01283b107</arg>
		<arg name='id'>5</arg>
	</msg>
	<msg id='7' source='tcet'>
		<type>LOAD_MODULE</type>
		<severity>INFO</severity>
		<timestamp>Wed Apr  5 16:53:33 2023</timestamp>
		<arg name='module'>/opt/nvidia/hpc_sdk/Linux_x86_64/2023/compilers/lib/libacchost.so</arg>
		<arg name='basement'>0x7fd012200000</arg>
		<arg name='ceiling'>0x7fd0124616c7</arg>
		<arg name='id'>6</arg>
	</msg>
	<msg id='8' source='tcet'>
		<type>LOAD_MODULE</type>
		<severity>INFO</severity>
		<timestamp>Wed Apr  5 16:53:33 2023</timestamp>
		<arg name='module'>/opt/nvidia/hpc_sdk/Linux_x86_64/2023/compilers/lib/libcudadevice.so</arg>
		<arg name='basement'>0x7fd011e00000</arg>
		<arg name='ceiling'>0x7fd012016217</arg>
		<arg name='id'>7</arg>
	</msg>
	<msg id='9' source='tcet'>
		<type>LOAD_MODULE</type>
		<severity>INFO</severity>
		<timestamp>Wed Apr  5 16:53:33 2023</timestamp>
		<arg name='module'>/opt/nvidia/hpc_sdk/Linux_x86_64/2023/compilers/lib/libnvomp.so</arg>
		<arg name='basement'>0x7fd011000000</arg>
		<arg name='ceiling'>0x7fd011cf1787</arg>
		<arg name='id'>8</arg>
	</msg>
	<msg id='10' source='tcet'>
		<type>LOAD_MODULE</type>
		<severity>INFO</severity>
		<timestamp>Wed Apr  5 16:53:33 2023</timestamp>
		<arg name='module'>/opt/nvidia/hpc_sdk/Linux_x86_64/2023/compilers/lib/libnvcpumath.so</arg>
		<arg name='basement'>0x7fd010a00000</arg>
		<arg name='ceiling'>0x7fd010e1723f</arg>
		<arg name='id'>9</arg>
	</msg>
	<msg id='11' source='tcet'>
		<type>LOAD_MODULE</type>
		<severity>INFO</severity>
		<timestamp>Wed Apr  5 16:53:33 2023</timestamp>
		<arg name='module'>/opt/nvidia/hpc_sdk/Linux_x86_64/2023/compilers/lib/libnvc.so</arg>
		<arg name='basement'>0x7fd010600000</arg>
		<arg name='ceiling'>0x7fd0108649df</arg>
		<arg name='id'>10</arg>
	</msg>
	<msg id='12' source='tcet'>
		<type>LOAD_MODULE</type>
		<severity>INFO</severity>
		<timestamp>Wed Apr  5 16:53:33 2023</timestamp>
		<arg name='module'>/lib/x86_64-linux-gnu/libc.so.6</arg>
		<arg name='basement'>0x7fd010200000</arg>
		<arg name='ceiling'>0x7fd010427e4f</arg>
		<arg name='id'>11</arg>
	</msg>
	<msg id='13' source='tcet'>
		<type>LOAD_MODULE</type>
		<severity>INFO</severity>
		<timestamp>Wed Apr  5 16:53:33 2023</timestamp>
		<arg name='module'>/lib/x86_64-linux-gnu/libgcc_s.so.1</arg>
		<arg name='basement'>0x7fd0124d3000</arg>
		<arg name='ceiling'>0x7fd0124f22e7</arg>
		<arg name='id'>12</arg>
	</msg>
	<msg id='14' source='tcet'>
		<type>LOAD_MODULE</type>
		<severity>INFO</severity>
		<timestamp>Wed Apr  5 16:53:33 2023</timestamp>
		<arg name='module'>/lib/x86_64-linux-gnu/libdl.so.2</arg>
		<arg name='basement'>0x7fd01218e000</arg>
		<arg name='ceiling'>0x7fd012192027</arg>
		<arg name='id'>13</arg>
	</msg>
	<msg id='15' source='tcet'>
		<type>LOAD_MODULE</type>
		<severity>INFO</severity>
		<timestamp>Wed Apr  5 16:53:33 2023</timestamp>
		<arg name='module'>/lib/x86_64-linux-gnu/libpthread.so.0</arg>
		<arg name='basement'>0x7fd012187000</arg>
		<arg name='ceiling'>0x7fd01218b027</arg>
		<arg name='id'>14</arg>
	</msg>
	<msg id='16' source='tcet'>
		<type>FATAL_SIGNAL</type>
		<severity>WARNING</severity>
		<timestamp>Wed Apr  5 17:03:41 2023</timestamp>
	</msg>
	<msg id='17' source='tcet'>
		<type>UNLOAD_MODULE</type>
		<severity>INFO</severity>
		<timestamp>Wed Apr  5 17:03:41 2023</timestamp>
		<arg name='module'>/home/dvmuser4/C_ACC/bin/bt.S.x</arg>
		<arg name='id'>2</arg>
	</msg>
	<msg id='18' source='tcet'>
		<type>UNLOAD_MODULE</type>
		<severity>INFO</severity>
		<timestamp>Wed Apr  5 17:03:41 2023</timestamp>
		<arg name='module'>/lib64/ld-linux-x86-64.so.2</arg>
		<arg name='id'>3</arg>
	</msg>
	<msg id='19' source='tcet'>
		<type>UNLOAD_MODULE</type>
		<severity>INFO</severity>
		<timestamp>Wed Apr  5 17:03:41 2023</timestamp>
		<arg name='module'>[vdso]</arg>
		<arg name='id'>4</arg>
	</msg>
	<msg id='20' source='tcet'>
		<type>UNLOAD_MODULE</type>
		<severity>INFO</severity>
		<timestamp>Wed Apr  5 17:03:41 2023</timestamp>
		<arg name='module'>/lib/x86_64-linux-gnu/libm.so.6</arg>
		<arg name='id'>5</arg>
	</msg>
	<msg id='21' source='tcet'>
		<type>UNLOAD_MODULE</type>
		<severity>INFO</severity>
		<timestamp>Wed Apr  5 17:03:41 2023</timestamp>
		<arg name='module'>/opt/nvidia/hpc_sdk/Linux_x86_64/2023/compilers/lib/libacchost.so</arg>
		<arg name='id'>6</arg>
	</msg>
	<msg id='22' source='tcet'>
		<type>UNLOAD_MODULE</type>
		<severity>INFO</severity>
		<timestamp>Wed Apr  5 17:03:41 2023</timestamp>
		<arg name='module'>/opt/nvidia/hpc_sdk/Linux_x86_64/2023/compilers/lib/libcudadevice.so</arg>
		<arg name='id'>7</arg>
	</msg>
	<msg id='23' source='tcet'>
		<type>UNLOAD_MODULE</type>
		<severity>INFO</severity>
		<timestamp>Wed Apr  5 17:03:41 2023</timestamp>
		<arg name='module'>/opt/nvidia/hpc_sdk/Linux_x86_64/2023/compilers/lib/libnvomp.so</arg>
		<arg name='id'>8</arg>
	</msg>
	<msg id='24' source='tcet'>
		<type>UNLOAD_MODULE</type>
		<severity>INFO</severity>
		<timestamp>Wed Apr  5 17:03:41 2023</timestamp>
		<arg name='module'>/opt/nvidia/hpc_sdk/Linux_x86_64/2023/compilers/lib/libnvcpumath.so</arg>
		<arg name='id'>9</arg>
	</msg>
	<msg id='25' source='tcet'>
		<type>UNLOAD_MODULE</type>
		<severity>INFO</severity>
		<timestamp>Wed Apr  5 17:03:41 2023</timestamp>
		<arg name='module'>/opt/nvidia/hpc_sdk/Linux_x86_64/2023/compilers/lib/libnvc.so</arg>
		<arg name='id'>10</arg>
	</msg>
	<msg id='26' source='tcet'>
		<type>UNLOAD_MODULE</type>
		<severity>INFO</severity>
		<timestamp>Wed Apr  5 17:03:41 2023</timestamp>
		<arg name='module'>/lib/x86_64-linux-gnu/libc.so.6</arg>
		<arg name='id'>11</arg>
	</msg>
	<msg id='27' source='tcet'>
		<type>UNLOAD_MODULE</type>
		<severity>INFO</severity>
		<timestamp>Wed Apr  5 17:03:41 2023</timestamp>
		<arg name='module'>/lib/x86_64-linux-gnu/libgcc_s.so.1</arg>
		<arg name='id'>12</arg>
	</msg>
	<msg id='28' source='tcet'>
		<type>UNLOAD_MODULE</type>
		<severity>INFO</severity>
		<timestamp>Wed Apr  5 17:03:41 2023</timestamp>
		<arg name='module'>/lib/x86_64-linux-gnu/libdl.so.2</arg>
		<arg name='id'>13</arg>
	</msg>
	<msg id='29' source='tcet'>
		<type>UNLOAD_MODULE</type>
		<severity>INFO</severity>
		<timestamp>Wed Apr  5 17:03:41 2023</timestamp>
		<arg name='module'>/lib/x86_64-linux-gnu/libpthread.so.0</arg>
		<arg name='id'>14</arg>
	</msg>
	<msg id='30' source='tcet'>
		<type>PROCESS_TERMINATE</type>
		<severity>INFO</severity>
		<timestamp>Wed Apr  5 17:03:41 2023</timestamp>
		<arg name='process'>/home/dvmuser4/C_ACC/bin/bt.S.x</arg>
		<arg name='pid'>1149185</arg>
	</msg>
	<msg id='31' display='false' source='tccore'>
		<type>ANALYSIS_COMPLETE</type>
		<severity>INFO</severity>
		<timestamp>Wed Apr  5 17:03:41 2023</timestamp>
	</msg>
	<msg id='32' display='false' source='tccore'>
		<type>STOP</type>
		<severity>INFO</severity>
		<timestamp>Wed Apr  5 17:03:41 2023</timestamp>
	</msg>
</log>